<?xml version="1.0" encoding="UTF-8"?>
<testng-results skipped="0" failed="0" total="1" passed="1">
  <reporter-output>
  </reporter-output>
  <suite name="Surefire suite" duration-ms="28" started-at="2022-05-03T15:51:15Z" finished-at="2022-05-03T15:51:15Z">
    <groups>
    </groups>
    <test name="Surefire test" duration-ms="28" started-at="2022-05-03T15:51:15Z" finished-at="2022-05-03T15:51:15Z">
      <class name="com.eample.AddtonApp.AppTest">
        <test-method status="PASS" signature="testApp()[pri:0, instance:testApp(com.eample.AddtonApp.AppTest)]" name="testApp" duration-ms="9" started-at="2022-05-03T21:21:15Z" finished-at="2022-05-03T21:21:15Z">
          <reporter-output>
          </reporter-output>
        </test-method> <!-- testApp -->
      </class> <!-- com.eample.AddtonApp.AppTest -->
    </test> <!-- Surefire test -->
  </suite> <!-- Surefire suite -->
</testng-results>
